2023-02-20 10:53:41,532 DEBUG [main] BasicClientConnectionManager:161 - Get connection for route {s}->https://rahulshettyacademy.com:443
2023-02-20 10:53:41,574 DEBUG [main] DefaultClientConnectionOperator:177 - Connecting to rahulshettyacademy.com:443
2023-02-20 10:53:42,110 DEBUG [main] RequestAddCookies:123 - CookieSpec selected: ignoreCookies
2023-02-20 10:53:42,118 DEBUG [main] RequestAuthCache:77 - Auth cache not set in the context
2023-02-20 10:53:42,119 DEBUG [main] RequestTargetAuthentication:80 - Target auth state: UNCHALLENGED
2023-02-20 10:53:42,120 DEBUG [main] RequestProxyAuthentication:89 - Proxy auth state: UNCHALLENGED
2023-02-20 10:53:42,121 DEBUG [main] DefaultHttpClient:677 - Attempt 1 to execute request
2023-02-20 10:53:42,122 DEBUG [main] DefaultClientConnection:274 - Sending request: POST /gq/graphql HTTP/1.1
2023-02-20 10:53:42,123 DEBUG [main] wire:73 -  >> "POST /gq/graphql HTTP/1.1[\r][\n]"
2023-02-20 10:53:42,123 DEBUG [main] wire:73 -  >> "Accept: */*[\r][\n]"
2023-02-20 10:53:42,123 DEBUG [main] wire:73 -  >> "Content-Type: application/json[\r][\n]"
2023-02-20 10:53:42,126 DEBUG [main] wire:73 -  >> "Content-Length: 248[\r][\n]"
2023-02-20 10:53:42,126 DEBUG [main] wire:73 -  >> "Host: rahulshettyacademy.com[\r][\n]"
2023-02-20 10:53:42,127 DEBUG [main] wire:73 -  >> "Connection: Keep-Alive[\r][\n]"
2023-02-20 10:53:42,127 DEBUG [main] wire:73 -  >> "User-Agent: Apache-HttpClient/4.5.13 (Java/1.8.0_131)[\r][\n]"
2023-02-20 10:53:42,128 DEBUG [main] wire:73 -  >> "Accept-Encoding: gzip,deflate[\r][\n]"
2023-02-20 10:53:42,130 DEBUG [main] wire:73 -  >> "[\r][\n]"
2023-02-20 10:53:42,131 DEBUG [main] headers:278 - >> POST /gq/graphql HTTP/1.1
2023-02-20 10:53:42,131 DEBUG [main] headers:281 - >> Accept: */*
2023-02-20 10:53:42,132 DEBUG [main] headers:281 - >> Content-Type: application/json
2023-02-20 10:53:42,132 DEBUG [main] headers:281 - >> Content-Length: 248
2023-02-20 10:53:42,133 DEBUG [main] headers:281 - >> Host: rahulshettyacademy.com
2023-02-20 10:53:42,133 DEBUG [main] headers:281 - >> Connection: Keep-Alive
2023-02-20 10:53:42,134 DEBUG [main] headers:281 - >> User-Agent: Apache-HttpClient/4.5.13 (Java/1.8.0_131)
2023-02-20 10:53:42,134 DEBUG [main] headers:281 - >> Accept-Encoding: gzip,deflate
2023-02-20 10:53:42,135 DEBUG [main] wire:87 -  >> "{"query":"query($episodeId : Int!){\n  episode(episodeId: $episodeId) {\n    name\n    air_date\n    id\n    characters {\n      name\n      species\n      image\n      origin {\n        id\n      }\n    }\n  }\n}\n\n","variables":{"episodeId":10}}"
2023-02-20 10:53:42,214 DEBUG [main] wire:73 -  << "HTTP/1.1 503 Service Unavailable[\r][\n]"
2023-02-20 10:53:42,216 DEBUG [main] wire:73 -  << "Date: Mon, 20 Feb 2023 05:23:42 GMT[\r][\n]"
2023-02-20 10:53:42,217 DEBUG [main] wire:73 -  << "Server: Apache/2.4.41 (Ubuntu)[\r][\n]"
2023-02-20 10:53:42,217 DEBUG [main] wire:73 -  << "Content-Length: 388[\r][\n]"
2023-02-20 10:53:42,218 DEBUG [main] wire:73 -  << "Connection: close[\r][\n]"
2023-02-20 10:53:42,218 DEBUG [main] wire:73 -  << "Content-Type: text/html; charset=iso-8859-1[\r][\n]"
2023-02-20 10:53:42,218 DEBUG [main] wire:73 -  << "[\r][\n]"
2023-02-20 10:53:42,220 DEBUG [main] DefaultClientConnection:259 - Receiving response: HTTP/1.1 503 Service Unavailable
2023-02-20 10:53:42,220 DEBUG [main] headers:262 - << HTTP/1.1 503 Service Unavailable
2023-02-20 10:53:42,221 DEBUG [main] headers:265 - << Date: Mon, 20 Feb 2023 05:23:42 GMT
2023-02-20 10:53:42,222 DEBUG [main] headers:265 - << Server: Apache/2.4.41 (Ubuntu)
2023-02-20 10:53:42,223 DEBUG [main] headers:265 - << Content-Length: 388
2023-02-20 10:53:42,223 DEBUG [main] headers:265 - << Connection: close
2023-02-20 10:53:42,224 DEBUG [main] headers:265 - << Content-Type: text/html; charset=iso-8859-1
2023-02-20 10:53:42,261 DEBUG [main] RequestSpecificationImpl$RestAssuredHttpBuilder:545 - Parsing response as: text/html; charset=iso-8859-1
2023-02-20 10:53:42,262 DEBUG [main] RequestSpecificationImpl$RestAssuredHttpBuilder:548 - Parsed data to instance of: class org.apache.http.conn.EofSensorInputStream
2023-02-20 10:53:42,338 DEBUG [main] wire:73 -  << "<!DOCTYPE HTML PUBLIC "-//IETF//DTD HTML 2.0//EN">[\n]"
2023-02-20 10:53:42,339 DEBUG [main] wire:73 -  << "<html><head>[\n]"
2023-02-20 10:53:42,340 DEBUG [main] wire:73 -  << "<title>503 Service Unavailable</title>[\n]"
2023-02-20 10:53:42,340 DEBUG [main] wire:73 -  << "</head><body>[\n]"
2023-02-20 10:53:42,341 DEBUG [main] wire:73 -  << "<h1>Service Unavailable</h1>[\n]"
2023-02-20 10:53:42,342 DEBUG [main] wire:73 -  << "<p>The server is temporarily unable to service your[\n]"
2023-02-20 10:53:42,343 DEBUG [main] wire:73 -  << "request due to maintenance downtime or capacity[\n]"
2023-02-20 10:53:42,344 DEBUG [main] wire:73 -  << "problems. Please try again later.</p>[\n]"
2023-02-20 10:53:42,344 DEBUG [main] wire:73 -  << "<hr>[\n]"
2023-02-20 10:53:42,344 DEBUG [main] wire:73 -  << "<address>Apache/2.4.41 (Ubuntu) Server at rahulshettyacademy.com Port 443</address>[\n]"
2023-02-20 10:53:42,344 DEBUG [main] wire:73 -  << "</body></html>[\n]"
2023-02-20 10:53:42,348 DEBUG [main] BasicClientConnectionManager:200 - Releasing connection org.apache.http.impl.conn.ManagedClientConnectionImpl@1b0a7baf
2023-02-20 10:53:42,350 DEBUG [main] DefaultClientConnection:164 - Connection 0.0.0.0:58394<->3.110.88.201:443 shut down
2023-02-20 10:53:43,344 DEBUG [main] BasicClientConnectionManager:161 - Get connection for route {s}->https://rahulshettyacademy.com:443
2023-02-20 10:53:43,345 DEBUG [main] DefaultClientConnectionOperator:177 - Connecting to rahulshettyacademy.com:443
2023-02-20 10:53:43,722 DEBUG [main] RequestAddCookies:123 - CookieSpec selected: ignoreCookies
2023-02-20 10:53:43,737 DEBUG [main] RequestAuthCache:77 - Auth cache not set in the context
2023-02-20 10:53:43,737 DEBUG [main] RequestTargetAuthentication:80 - Target auth state: UNCHALLENGED
2023-02-20 10:53:43,738 DEBUG [main] RequestProxyAuthentication:89 - Proxy auth state: UNCHALLENGED
2023-02-20 10:53:43,738 DEBUG [main] DefaultHttpClient:677 - Attempt 1 to execute request
2023-02-20 10:53:43,738 DEBUG [main] DefaultClientConnection:274 - Sending request: POST /maps/api/place/add/json?key=qaclick123 HTTP/1.1
2023-02-20 10:53:43,740 DEBUG [main] wire:73 -  >> "POST /maps/api/place/add/json?key=qaclick123 HTTP/1.1[\r][\n]"
2023-02-20 10:53:43,740 DEBUG [main] wire:73 -  >> "Accept: */*[\r][\n]"
2023-02-20 10:53:43,741 DEBUG [main] wire:73 -  >> "Content-Type: application/json[\r][\n]"
2023-02-20 10:53:43,742 DEBUG [main] wire:73 -  >> "Content-Length: 255[\r][\n]"
2023-02-20 10:53:43,742 DEBUG [main] wire:73 -  >> "Host: rahulshettyacademy.com[\r][\n]"
2023-02-20 10:53:43,743 DEBUG [main] wire:73 -  >> "Connection: Keep-Alive[\r][\n]"
2023-02-20 10:53:43,743 DEBUG [main] wire:73 -  >> "User-Agent: Apache-HttpClient/4.5.13 (Java/1.8.0_131)[\r][\n]"
2023-02-20 10:53:43,744 DEBUG [main] wire:73 -  >> "Accept-Encoding: gzip,deflate[\r][\n]"
2023-02-20 10:53:43,744 DEBUG [main] wire:73 -  >> "[\r][\n]"
2023-02-20 10:53:43,744 DEBUG [main] headers:278 - >> POST /maps/api/place/add/json?key=qaclick123 HTTP/1.1
2023-02-20 10:53:43,745 DEBUG [main] headers:281 - >> Accept: */*
2023-02-20 10:53:43,745 DEBUG [main] headers:281 - >> Content-Type: application/json
2023-02-20 10:53:43,746 DEBUG [main] headers:281 - >> Content-Length: 255
2023-02-20 10:53:43,746 DEBUG [main] headers:281 - >> Host: rahulshettyacademy.com
2023-02-20 10:53:43,747 DEBUG [main] headers:281 - >> Connection: Keep-Alive
2023-02-20 10:53:43,747 DEBUG [main] headers:281 - >> User-Agent: Apache-HttpClient/4.5.13 (Java/1.8.0_131)
2023-02-20 10:53:43,747 DEBUG [main] headers:281 - >> Accept-Encoding: gzip,deflate
2023-02-20 10:53:43,748 DEBUG [main] wire:87 -  >> "{"accuracy":50,"name":"Frontline house","phone_number":"(+91) 983 893 3937","address":"29, side layout, cohen 09","website":"https://rahulshettyacademy.com","language":"French-IN","location":{"lat":-38.383494,"lng":33.427362},"types":["shoe park","shop"]}"
2023-02-20 10:53:43,827 DEBUG [main] wire:73 -  << "HTTP/1.1 200 OK[\r][\n]"
2023-02-20 10:53:43,827 DEBUG [main] wire:73 -  << "Date: Mon, 20 Feb 2023 05:23:44 GMT[\r][\n]"
2023-02-20 10:53:43,836 DEBUG [main] wire:73 -  << "Server: Apache/2.4.41 (Ubuntu)[\r][\n]"
2023-02-20 10:53:43,836 DEBUG [main] wire:73 -  << "Access-Control-Allow-Origin: *[\r][\n]"
2023-02-20 10:53:43,836 DEBUG [main] wire:73 -  << "Access-Control-Allow-Methods: POST[\r][\n]"
2023-02-20 10:53:43,837 DEBUG [main] wire:73 -  << "Access-Control-Max-Age: 3600[\r][\n]"
2023-02-20 10:53:43,837 DEBUG [main] wire:73 -  << "Access-Control-Allow-Headers: Content-Type, Access-Control-Allow-Headers, Authorization, X-Requested-With[\r][\n]"
2023-02-20 10:53:43,838 DEBUG [main] wire:73 -  << "Content-Length: 194[\r][\n]"
2023-02-20 10:53:43,838 DEBUG [main] wire:73 -  << "Keep-Alive: timeout=5, max=100[\r][\n]"
2023-02-20 10:53:43,839 DEBUG [main] wire:73 -  << "Connection: Keep-Alive[\r][\n]"
2023-02-20 10:53:43,839 DEBUG [main] wire:73 -  << "Content-Type: application/json;charset=UTF-8[\r][\n]"
2023-02-20 10:53:43,840 DEBUG [main] wire:73 -  << "[\r][\n]"
2023-02-20 10:53:43,840 DEBUG [main] DefaultClientConnection:259 - Receiving response: HTTP/1.1 200 OK
2023-02-20 10:53:43,840 DEBUG [main] headers:262 - << HTTP/1.1 200 OK
2023-02-20 10:53:43,841 DEBUG [main] headers:265 - << Date: Mon, 20 Feb 2023 05:23:44 GMT
2023-02-20 10:53:43,842 DEBUG [main] headers:265 - << Server: Apache/2.4.41 (Ubuntu)
2023-02-20 10:53:43,843 DEBUG [main] headers:265 - << Access-Control-Allow-Origin: *
2023-02-20 10:53:43,844 DEBUG [main] headers:265 - << Access-Control-Allow-Methods: POST
2023-02-20 10:53:43,844 DEBUG [main] headers:265 - << Access-Control-Max-Age: 3600
2023-02-20 10:53:43,845 DEBUG [main] headers:265 - << Access-Control-Allow-Headers: Content-Type, Access-Control-Allow-Headers, Authorization, X-Requested-With
2023-02-20 10:53:43,845 DEBUG [main] headers:265 - << Content-Length: 194
2023-02-20 10:53:43,846 DEBUG [main] headers:265 - << Keep-Alive: timeout=5, max=100
2023-02-20 10:53:43,846 DEBUG [main] headers:265 - << Connection: Keep-Alive
2023-02-20 10:53:43,847 DEBUG [main] headers:265 - << Content-Type: application/json;charset=UTF-8
2023-02-20 10:53:43,849 DEBUG [main] DefaultHttpClient:504 - Connection can be kept alive for 5000 MILLISECONDS
2023-02-20 10:53:43,854 DEBUG [main] RequestSpecificationImpl$RestAssuredHttpBuilder:545 - Parsing response as: application/json;charset=UTF-8
2023-02-20 10:53:43,854 DEBUG [main] RequestSpecificationImpl$RestAssuredHttpBuilder:548 - Parsed data to instance of: class org.apache.http.conn.EofSensorInputStream
2023-02-20 10:53:43,856 DEBUG [main] wire:87 -  << "{"status":"OK","place_id":"7096a836425b362e4e9d0958b6a7aa54","scope":"APP","reference":"c37c0de1b07c4ca4658314303bbb2f5dc37c0de1b07c4ca4658314303bbb2f5d","id":"c37c0de1b07c4ca4658314303bbb2f5d"}"
2023-02-20 10:53:43,857 DEBUG [main] BasicClientConnectionManager:200 - Releasing connection org.apache.http.impl.conn.ManagedClientConnectionImpl@6f6962ba
2023-02-20 10:53:43,857 DEBUG [main] BasicClientConnectionManager:225 - Connection can be kept alive for 5000 MILLISECONDS
2023-02-20 10:53:43,952 DEBUG [main] BasicClientConnectionManager:161 - Get connection for route {s}->https://www.googleapis.com:443
2023-02-20 10:53:43,956 DEBUG [main] DefaultClientConnectionOperator:177 - Connecting to www.googleapis.com:443
2023-02-20 10:53:44,317 DEBUG [main] RequestAddCookies:123 - CookieSpec selected: ignoreCookies
2023-02-20 10:53:44,319 DEBUG [main] RequestAuthCache:77 - Auth cache not set in the context
2023-02-20 10:53:44,321 DEBUG [main] RequestTargetAuthentication:80 - Target auth state: UNCHALLENGED
2023-02-20 10:53:44,322 DEBUG [main] RequestProxyAuthentication:89 - Proxy auth state: UNCHALLENGED
2023-02-20 10:53:44,323 DEBUG [main] DefaultHttpClient:677 - Attempt 1 to execute request
2023-02-20 10:53:44,324 DEBUG [main] DefaultClientConnection:274 - Sending request: POST /oauth2/v4/token?code=4%2F0AWgavdcng9OmbRt9qybvJBjJN0twxM87kepjw9Sm0BgYFByLJqqeQSaBH1n-xCwgyF8Gvw&client_id=692183103107-p0m7ent2hk7suguv4vq22hjcfhcr43pj.apps.googleusercontent.com&client_secret=erZOWM9g3UtwNRj340YYaK_W&grant_type=authorization_code&redirect_uri=https://rahulshettyacademy.com/getCourse.php HTTP/1.1
2023-02-20 10:53:44,325 DEBUG [main] wire:73 -  >> "POST /oauth2/v4/token?code=4%2F0AWgavdcng9OmbRt9qybvJBjJN0twxM87kepjw9Sm0BgYFByLJqqeQSaBH1n-xCwgyF8Gvw&client_id=692183103107-p0m7ent2hk7suguv4vq22hjcfhcr43pj.apps.googleusercontent.com&client_secret=erZOWM9g3UtwNRj340YYaK_W&grant_type=authorization_code&redirect_uri=https://rahulshettyacademy.com/getCourse.php HTTP/1.1[\r][\n]"
2023-02-20 10:53:44,327 DEBUG [main] wire:73 -  >> "Content-Type: application/x-www-form-urlencoded; charset=ISO-8859-1[\r][\n]"
2023-02-20 10:53:44,327 DEBUG [main] wire:73 -  >> "Accept: */*[\r][\n]"
2023-02-20 10:53:44,329 DEBUG [main] wire:73 -  >> "Content-Length: 0[\r][\n]"
2023-02-20 10:53:44,329 DEBUG [main] wire:73 -  >> "Host: www.googleapis.com[\r][\n]"
2023-02-20 10:53:44,329 DEBUG [main] wire:73 -  >> "Connection: Keep-Alive[\r][\n]"
2023-02-20 10:53:44,331 DEBUG [main] wire:73 -  >> "User-Agent: Apache-HttpClient/4.5.13 (Java/1.8.0_131)[\r][\n]"
2023-02-20 10:53:44,331 DEBUG [main] wire:73 -  >> "Accept-Encoding: gzip,deflate[\r][\n]"
2023-02-20 10:53:44,334 DEBUG [main] wire:73 -  >> "[\r][\n]"
2023-02-20 10:53:44,334 DEBUG [main] headers:278 - >> POST /oauth2/v4/token?code=4%2F0AWgavdcng9OmbRt9qybvJBjJN0twxM87kepjw9Sm0BgYFByLJqqeQSaBH1n-xCwgyF8Gvw&client_id=692183103107-p0m7ent2hk7suguv4vq22hjcfhcr43pj.apps.googleusercontent.com&client_secret=erZOWM9g3UtwNRj340YYaK_W&grant_type=authorization_code&redirect_uri=https://rahulshettyacademy.com/getCourse.php HTTP/1.1
2023-02-20 10:53:44,335 DEBUG [main] headers:281 - >> Content-Type: application/x-www-form-urlencoded; charset=ISO-8859-1
2023-02-20 10:53:44,335 DEBUG [main] headers:281 - >> Accept: */*
2023-02-20 10:53:44,336 DEBUG [main] headers:281 - >> Content-Length: 0
2023-02-20 10:53:44,337 DEBUG [main] headers:281 - >> Host: www.googleapis.com
2023-02-20 10:53:44,338 DEBUG [main] headers:281 - >> Connection: Keep-Alive
2023-02-20 10:53:44,338 DEBUG [main] headers:281 - >> User-Agent: Apache-HttpClient/4.5.13 (Java/1.8.0_131)
2023-02-20 10:53:44,339 DEBUG [main] headers:281 - >> Accept-Encoding: gzip,deflate
2023-02-20 10:53:44,475 DEBUG [main] wire:73 -  << "HTTP/1.1 400 Bad Request[\r][\n]"
2023-02-20 10:53:44,476 DEBUG [main] wire:73 -  << "Cache-Control: no-cache, no-store, max-age=0, must-revalidate[\r][\n]"
2023-02-20 10:53:44,476 DEBUG [main] wire:73 -  << "Pragma: no-cache[\r][\n]"
2023-02-20 10:53:44,477 DEBUG [main] wire:73 -  << "Date: Mon, 20 Feb 2023 05:23:45 GMT[\r][\n]"
2023-02-20 10:53:44,478 DEBUG [main] wire:73 -  << "Expires: Mon, 01 Jan 1990 00:00:00 GMT[\r][\n]"
2023-02-20 10:53:44,479 DEBUG [main] wire:73 -  << "Content-Type: application/json; charset=utf-8[\r][\n]"
2023-02-20 10:53:44,479 DEBUG [main] wire:73 -  << "Vary: Origin[\r][\n]"
2023-02-20 10:53:44,480 DEBUG [main] wire:73 -  << "Vary: X-Origin[\r][\n]"
2023-02-20 10:53:44,482 DEBUG [main] wire:73 -  << "Vary: Referer[\r][\n]"
2023-02-20 10:53:44,482 DEBUG [main] wire:73 -  << "Content-Encoding: gzip[\r][\n]"
2023-02-20 10:53:44,483 DEBUG [main] wire:73 -  << "Server: scaffolding on HTTPServer2[\r][\n]"
2023-02-20 10:53:44,484 DEBUG [main] wire:73 -  << "X-XSS-Protection: 0[\r][\n]"
2023-02-20 10:53:44,484 DEBUG [main] wire:73 -  << "X-Frame-Options: SAMEORIGIN[\r][\n]"
2023-02-20 10:53:44,485 DEBUG [main] wire:73 -  << "X-Content-Type-Options: nosniff[\r][\n]"
2023-02-20 10:53:44,486 DEBUG [main] wire:73 -  << "Alt-Svc: h3=":443"; ma=2592000,h3-29=":443"; ma=2592000[\r][\n]"
2023-02-20 10:53:44,486 DEBUG [main] wire:73 -  << "Transfer-Encoding: chunked[\r][\n]"
2023-02-20 10:53:44,487 DEBUG [main] wire:73 -  << "[\r][\n]"
2023-02-20 10:53:44,487 DEBUG [main] DefaultClientConnection:259 - Receiving response: HTTP/1.1 400 Bad Request
2023-02-20 10:53:44,488 DEBUG [main] headers:262 - << HTTP/1.1 400 Bad Request
2023-02-20 10:53:44,489 DEBUG [main] headers:265 - << Cache-Control: no-cache, no-store, max-age=0, must-revalidate
2023-02-20 10:53:44,489 DEBUG [main] headers:265 - << Pragma: no-cache
2023-02-20 10:53:44,489 DEBUG [main] headers:265 - << Date: Mon, 20 Feb 2023 05:23:45 GMT
2023-02-20 10:53:44,490 DEBUG [main] headers:265 - << Expires: Mon, 01 Jan 1990 00:00:00 GMT
2023-02-20 10:53:44,490 DEBUG [main] headers:265 - << Content-Type: application/json; charset=utf-8
2023-02-20 10:53:44,491 DEBUG [main] headers:265 - << Vary: Origin
2023-02-20 10:53:44,491 DEBUG [main] headers:265 - << Vary: X-Origin
2023-02-20 10:53:44,492 DEBUG [main] headers:265 - << Vary: Referer
2023-02-20 10:53:44,493 DEBUG [main] headers:265 - << Content-Encoding: gzip
2023-02-20 10:53:44,493 DEBUG [main] headers:265 - << Server: scaffolding on HTTPServer2
2023-02-20 10:53:44,494 DEBUG [main] headers:265 - << X-XSS-Protection: 0
2023-02-20 10:53:44,494 DEBUG [main] headers:265 - << X-Frame-Options: SAMEORIGIN
2023-02-20 10:53:44,494 DEBUG [main] headers:265 - << X-Content-Type-Options: nosniff
2023-02-20 10:53:44,494 DEBUG [main] headers:265 - << Alt-Svc: h3=":443"; ma=2592000,h3-29=":443"; ma=2592000
2023-02-20 10:53:44,494 DEBUG [main] headers:265 - << Transfer-Encoding: chunked
2023-02-20 10:53:44,497 DEBUG [main] DefaultHttpClient:504 - Connection can be kept alive indefinitely
2023-02-20 10:53:44,498 DEBUG [main] RequestSpecificationImpl$RestAssuredHttpBuilder:545 - Parsing response as: application/json; charset=utf-8
2023-02-20 10:53:44,500 DEBUG [main] wire:73 -  << "00000001[\r][\n]"
2023-02-20 10:53:44,500 DEBUG [main] wire:87 -  << "[0x1f]"
2023-02-20 10:53:44,500 DEBUG [main] wire:73 -  << "[\r][\n]"
2023-02-20 10:53:44,501 DEBUG [main] wire:73 -  << "00000001[\r][\n]"
2023-02-20 10:53:44,501 DEBUG [main] wire:87 -  << "[0x8b]"
2023-02-20 10:53:44,501 DEBUG [main] wire:73 -  << "[\r][\n]"
2023-02-20 10:53:44,501 DEBUG [main] wire:73 -  << "00000001[\r][\n]"
2023-02-20 10:53:44,502 DEBUG [main] wire:87 -  << "[0x8]"
2023-02-20 10:53:44,502 DEBUG [main] wire:73 -  << "[\r][\n]"
2023-02-20 10:53:44,502 DEBUG [main] wire:73 -  << "00000001[\r][\n]"
2023-02-20 10:53:44,502 DEBUG [main] wire:87 -  << "[0x0]"
2023-02-20 10:53:44,502 DEBUG [main] wire:73 -  << "[\r][\n]"
2023-02-20 10:53:44,502 DEBUG [main] wire:73 -  << "00000001[\r][\n]"
2023-02-20 10:53:44,503 DEBUG [main] wire:87 -  << "[0x0]"
2023-02-20 10:53:44,503 DEBUG [main] wire:73 -  << "[\r][\n]"
2023-02-20 10:53:44,503 DEBUG [main] wire:73 -  << "00000001[\r][\n]"
2023-02-20 10:53:44,504 DEBUG [main] wire:87 -  << "[0x0]"
2023-02-20 10:53:44,504 DEBUG [main] wire:73 -  << "[\r][\n]"
2023-02-20 10:53:44,504 DEBUG [main] wire:73 -  << "00000001[\r][\n]"
2023-02-20 10:53:44,504 DEBUG [main] wire:87 -  << "[0x0]"
2023-02-20 10:53:44,505 DEBUG [main] wire:73 -  << "[\r][\n]"
2023-02-20 10:53:44,505 DEBUG [main] wire:73 -  << "00000001[\r][\n]"
2023-02-20 10:53:44,505 DEBUG [main] wire:87 -  << "[0x0]"
2023-02-20 10:53:44,506 DEBUG [main] wire:73 -  << "[\r][\n]"
2023-02-20 10:53:44,506 DEBUG [main] wire:73 -  << "00000001[\r][\n]"
2023-02-20 10:53:44,507 DEBUG [main] wire:87 -  << "[0x2]"
2023-02-20 10:53:44,507 DEBUG [main] wire:73 -  << "[\r][\n]"
2023-02-20 10:53:44,507 DEBUG [main] wire:73 -  << "00000001[\r][\n]"
2023-02-20 10:53:44,507 DEBUG [main] wire:87 -  << "[0xff]"
2023-02-20 10:53:44,509 DEBUG [main] wire:73 -  << "[\r][\n]"
2023-02-20 10:53:44,509 DEBUG [main] wire:73 -  << "00000001[\r][\n]"
2023-02-20 10:53:44,510 DEBUG [main] wire:87 -  << "[0xab]"
2023-02-20 10:53:44,511 DEBUG [main] wire:73 -  << "[\r][\n]"
2023-02-20 10:53:44,511 DEBUG [main] wire:73 -  << "00000001[\r][\n]"
2023-02-20 10:53:44,511 DEBUG [main] wire:87 -  << "[0xe6]"
2023-02-20 10:53:44,512 DEBUG [main] wire:73 -  << "[\r][\n]"
2023-02-20 10:53:44,513 DEBUG [main] wire:73 -  << "00000001[\r][\n]"
2023-02-20 10:53:44,514 DEBUG [main] wire:87 -  << "R"
2023-02-20 10:53:44,514 DEBUG [main] wire:73 -  << "[\r][\n]"
2023-02-20 10:53:44,515 DEBUG [main] wire:73 -  << "00000001[\r][\n]"
2023-02-20 10:53:44,515 DEBUG [main] wire:87 -  << "P"
2023-02-20 10:53:44,516 DEBUG [main] wire:73 -  << "[\r][\n]"
2023-02-20 10:53:44,516 DEBUG [main] wire:73 -  << "00000001[\r][\n]"
2023-02-20 10:53:44,517 DEBUG [main] wire:87 -  << "P"
2023-02-20 10:53:44,517 DEBUG [main] wire:73 -  << "[\r][\n]"
2023-02-20 10:53:44,517 DEBUG [main] wire:73 -  << "00000001[\r][\n]"
2023-02-20 10:53:44,519 DEBUG [main] wire:87 -  << "J"
2023-02-20 10:53:44,520 DEBUG [main] wire:73 -  << "[\r][\n]"
2023-02-20 10:53:44,520 DEBUG [main] wire:73 -  << "00000001[\r][\n]"
2023-02-20 10:53:44,520 DEBUG [main] wire:87 -  << "-"
2023-02-20 10:53:44,520 DEBUG [main] wire:73 -  << "[\r][\n]"
2023-02-20 10:53:44,521 DEBUG [main] wire:73 -  << "00000001[\r][\n]"
2023-02-20 10:53:44,521 DEBUG [main] wire:87 -  << "*"
2023-02-20 10:53:44,522 DEBUG [main] wire:73 -  << "[\r][\n]"
2023-02-20 10:53:44,522 DEBUG [main] wire:73 -  << "00000001[\r][\n]"
2023-02-20 10:53:44,522 DEBUG [main] wire:87 -  << "[0xca]"
2023-02-20 10:53:44,523 DEBUG [main] wire:73 -  << "[\r][\n]"
2023-02-20 10:53:44,523 DEBUG [main] wire:73 -  << "0003c[\r][\n]"
2023-02-20 10:53:44,524 DEBUG [main] wire:87 -  << "/R[0xb2]RP[0xca][0xcc]+K[0xcc][0xc9]L[0x89]O/J[0xcc]+Q[0xd2][0x81][0xcb][0xc5][0xa7][0xa4][0x16]'[0x17]e[0x16][0x94]d[0xe6][0xe7][0x81][0xd4]9%[0xa6]([0x4][0xa5][0x16][0x96][0xa6][0x16][0x97](q[0xd5][0x2][0x0][0xcd][0x1e][0xc4][0x2]D[0x0][0x0][0x0]"
2023-02-20 10:53:44,524 DEBUG [main] wire:73 -  << "[\r][\n]"
2023-02-20 10:53:44,526 DEBUG [main] wire:73 -  << "0[\r][\n]"
2023-02-20 10:53:44,526 DEBUG [main] wire:73 -  << "[\r][\n]"
2023-02-20 10:53:44,527 DEBUG [main] RequestSpecificationImpl$RestAssuredHttpBuilder:548 - Parsed data to instance of: class org.apache.http.conn.EofSensorInputStream
2023-02-20 10:53:44,529 DEBUG [main] BasicClientConnectionManager:200 - Releasing connection org.apache.http.impl.conn.ManagedClientConnectionImpl@9a7a808
2023-02-20 10:53:44,531 DEBUG [main] BasicClientConnectionManager:225 - Connection can be kept alive indefinitely
2023-02-20 10:53:44,571 DEBUG [Finalizer] DefaultClientConnection:180 - Connection 0.0.0.0:58396<->3.110.88.201:443 closed
2023-02-20 10:53:44,575 DEBUG [Finalizer] DefaultClientConnection:180 - Connection 0.0.0.0:58398<->142.250.77.106:443 closed
2023-02-20 10:53:45,423 DEBUG [main] BasicClientConnectionManager:161 - Get connection for route {s}->https://rahulshettyacademy.com:443
2023-02-20 10:53:45,424 DEBUG [main] DefaultClientConnectionOperator:177 - Connecting to rahulshettyacademy.com:443
2023-02-20 10:53:45,848 DEBUG [main] RequestAddCookies:123 - CookieSpec selected: ignoreCookies
2023-02-20 10:53:45,848 DEBUG [main] RequestAuthCache:77 - Auth cache not set in the context
2023-02-20 10:53:45,848 DEBUG [main] RequestTargetAuthentication:80 - Target auth state: UNCHALLENGED
2023-02-20 10:53:45,851 DEBUG [main] RequestProxyAuthentication:89 - Proxy auth state: UNCHALLENGED
2023-02-20 10:53:45,851 DEBUG [main] DefaultHttpClient:677 - Attempt 1 to execute request
2023-02-20 10:53:45,852 DEBUG [main] DefaultClientConnection:274 - Sending request: GET /getCourse.php?access_token HTTP/1.1
2023-02-20 10:53:45,852 DEBUG [main] wire:73 -  >> "GET /getCourse.php?access_token HTTP/1.1[\r][\n]"
2023-02-20 10:53:45,853 DEBUG [main] wire:73 -  >> "Accept: */*[\r][\n]"
2023-02-20 10:53:45,853 DEBUG [main] wire:73 -  >> "Host: rahulshettyacademy.com[\r][\n]"
2023-02-20 10:53:45,854 DEBUG [main] wire:73 -  >> "Connection: Keep-Alive[\r][\n]"
2023-02-20 10:53:45,854 DEBUG [main] wire:73 -  >> "User-Agent: Apache-HttpClient/4.5.13 (Java/1.8.0_131)[\r][\n]"
2023-02-20 10:53:45,855 DEBUG [main] wire:73 -  >> "Accept-Encoding: gzip,deflate[\r][\n]"
2023-02-20 10:53:45,856 DEBUG [main] wire:73 -  >> "[\r][\n]"
2023-02-20 10:53:45,857 DEBUG [main] headers:278 - >> GET /getCourse.php?access_token HTTP/1.1
2023-02-20 10:53:45,858 DEBUG [main] headers:281 - >> Accept: */*
2023-02-20 10:53:45,858 DEBUG [main] headers:281 - >> Host: rahulshettyacademy.com
2023-02-20 10:53:45,859 DEBUG [main] headers:281 - >> Connection: Keep-Alive
2023-02-20 10:53:45,860 DEBUG [main] headers:281 - >> User-Agent: Apache-HttpClient/4.5.13 (Java/1.8.0_131)
2023-02-20 10:53:45,861 DEBUG [main] headers:281 - >> Accept-Encoding: gzip,deflate
2023-02-20 10:53:46,074 DEBUG [main] wire:73 -  << "HTTP/1.1 200 OK[\r][\n]"
2023-02-20 10:53:46,078 DEBUG [main] wire:73 -  << "Date: Mon, 20 Feb 2023 05:23:46 GMT[\r][\n]"
2023-02-20 10:53:46,079 DEBUG [main] wire:73 -  << "Server: Apache/2.4.41 (Ubuntu)[\r][\n]"
2023-02-20 10:53:46,079 DEBUG [main] wire:73 -  << "Content-Length: 60[\r][\n]"
2023-02-20 10:53:46,079 DEBUG [main] wire:73 -  << "Keep-Alive: timeout=5, max=100[\r][\n]"
2023-02-20 10:53:46,080 DEBUG [main] wire:73 -  << "Connection: Keep-Alive[\r][\n]"
2023-02-20 10:53:46,080 DEBUG [main] wire:73 -  << "Content-Type: text/html; charset=UTF-8[\r][\n]"
2023-02-20 10:53:46,080 DEBUG [main] wire:73 -  << "[\r][\n]"
2023-02-20 10:53:46,081 DEBUG [main] DefaultClientConnection:259 - Receiving response: HTTP/1.1 200 OK
2023-02-20 10:53:46,081 DEBUG [main] headers:262 - << HTTP/1.1 200 OK
2023-02-20 10:53:46,082 DEBUG [main] headers:265 - << Date: Mon, 20 Feb 2023 05:23:46 GMT
2023-02-20 10:53:46,082 DEBUG [main] headers:265 - << Server: Apache/2.4.41 (Ubuntu)
2023-02-20 10:53:46,083 DEBUG [main] headers:265 - << Content-Length: 60
2023-02-20 10:53:46,083 DEBUG [main] headers:265 - << Keep-Alive: timeout=5, max=100
2023-02-20 10:53:46,084 DEBUG [main] headers:265 - << Connection: Keep-Alive
2023-02-20 10:53:46,084 DEBUG [main] headers:265 - << Content-Type: text/html; charset=UTF-8
2023-02-20 10:53:46,085 DEBUG [main] DefaultHttpClient:504 - Connection can be kept alive for 5000 MILLISECONDS
2023-02-20 10:53:46,085 DEBUG [main] RequestSpecificationImpl$RestAssuredHttpBuilder:545 - Parsing response as: text/html; charset=UTF-8
2023-02-20 10:53:46,089 DEBUG [main] RequestSpecificationImpl$RestAssuredHttpBuilder:548 - Parsed data to instance of: class org.apache.http.conn.EofSensorInputStream
2023-02-20 10:53:46,108 DEBUG [main] wire:73 -  << "[\n]"
2023-02-20 10:53:46,109 DEBUG [main] wire:73 -  << "AUTHENTICATION FAILED !!!! PLEASE ENTER VALID ACCESS TOKEN[\n]"
2023-02-20 10:53:46,109 DEBUG [main] BasicClientConnectionManager:200 - Releasing connection org.apache.http.impl.conn.ManagedClientConnectionImpl@3fc05ea2
2023-02-20 10:53:46,109 DEBUG [main] BasicClientConnectionManager:225 - Connection can be kept alive for 5000 MILLISECONDS
2023-02-20 10:53:46,146 DEBUG [main] BasicClientConnectionManager:161 - Get connection for route {s}->https://rahulshettyacademy.com:443
2023-02-20 10:53:46,147 DEBUG [main] DefaultClientConnectionOperator:177 - Connecting to rahulshettyacademy.com:443
2023-02-20 10:53:46,501 DEBUG [main] RequestAddCookies:123 - CookieSpec selected: ignoreCookies
2023-02-20 10:53:46,502 DEBUG [main] RequestAuthCache:77 - Auth cache not set in the context
2023-02-20 10:53:46,503 DEBUG [main] RequestTargetAuthentication:80 - Target auth state: UNCHALLENGED
2023-02-20 10:53:46,505 DEBUG [main] RequestProxyAuthentication:89 - Proxy auth state: UNCHALLENGED
2023-02-20 10:53:46,506 DEBUG [main] DefaultHttpClient:677 - Attempt 1 to execute request
2023-02-20 10:53:46,506 DEBUG [main] DefaultClientConnection:274 - Sending request: POST /maps/api/place/add/json?key=qaclick123 HTTP/1.1
2023-02-20 10:53:46,508 DEBUG [main] wire:73 -  >> "POST /maps/api/place/add/json?key=qaclick123 HTTP/1.1[\r][\n]"
2023-02-20 10:53:46,509 DEBUG [main] wire:73 -  >> "Accept: */*[\r][\n]"
2023-02-20 10:53:46,509 DEBUG [main] wire:73 -  >> "Content-Type: text/plain; charset=ISO-8859-1[\r][\n]"
2023-02-20 10:53:46,510 DEBUG [main] wire:73 -  >> "Content-Length: 255[\r][\n]"
2023-02-20 10:53:46,510 DEBUG [main] wire:73 -  >> "Host: rahulshettyacademy.com[\r][\n]"
2023-02-20 10:53:46,512 DEBUG [main] wire:73 -  >> "Connection: Keep-Alive[\r][\n]"
2023-02-20 10:53:46,513 DEBUG [main] wire:73 -  >> "User-Agent: Apache-HttpClient/4.5.13 (Java/1.8.0_131)[\r][\n]"
2023-02-20 10:53:46,514 DEBUG [main] wire:73 -  >> "Accept-Encoding: gzip,deflate[\r][\n]"
2023-02-20 10:53:46,515 DEBUG [main] wire:73 -  >> "[\r][\n]"
2023-02-20 10:53:46,516 DEBUG [main] headers:278 - >> POST /maps/api/place/add/json?key=qaclick123 HTTP/1.1
2023-02-20 10:53:46,518 DEBUG [main] headers:281 - >> Accept: */*
2023-02-20 10:53:46,519 DEBUG [main] headers:281 - >> Content-Type: text/plain; charset=ISO-8859-1
2023-02-20 10:53:46,520 DEBUG [main] headers:281 - >> Content-Length: 255
2023-02-20 10:53:46,521 DEBUG [main] headers:281 - >> Host: rahulshettyacademy.com
2023-02-20 10:53:46,522 DEBUG [main] headers:281 - >> Connection: Keep-Alive
2023-02-20 10:53:46,523 DEBUG [main] headers:281 - >> User-Agent: Apache-HttpClient/4.5.13 (Java/1.8.0_131)
2023-02-20 10:53:46,523 DEBUG [main] headers:281 - >> Accept-Encoding: gzip,deflate
2023-02-20 10:53:46,524 DEBUG [main] wire:87 -  >> "{"accuracy":50,"name":"Frontline house","phone_number":"(+91) 983 893 3937","address":"29, side layout, cohen 09","website":"https://rahulshettyacademy.com","language":"French-IN","location":{"lat":-38.383494,"lng":33.427362},"types":["shoe park","shop"]}"
2023-02-20 10:53:46,602 DEBUG [main] wire:73 -  << "HTTP/1.1 200 OK[\r][\n]"
2023-02-20 10:53:46,603 DEBUG [main] wire:73 -  << "Date: Mon, 20 Feb 2023 05:23:47 GMT[\r][\n]"
2023-02-20 10:53:46,604 DEBUG [main] wire:73 -  << "Server: Apache/2.4.41 (Ubuntu)[\r][\n]"
2023-02-20 10:53:46,606 DEBUG [main] wire:73 -  << "Access-Control-Allow-Origin: *[\r][\n]"
2023-02-20 10:53:46,606 DEBUG [main] wire:73 -  << "Access-Control-Allow-Methods: POST[\r][\n]"
2023-02-20 10:53:46,607 DEBUG [main] wire:73 -  << "Access-Control-Max-Age: 3600[\r][\n]"
2023-02-20 10:53:46,607 DEBUG [main] wire:73 -  << "Access-Control-Allow-Headers: Content-Type, Access-Control-Allow-Headers, Authorization, X-Requested-With[\r][\n]"
2023-02-20 10:53:46,608 DEBUG [main] wire:73 -  << "Content-Length: 194[\r][\n]"
2023-02-20 10:53:46,608 DEBUG [main] wire:73 -  << "Keep-Alive: timeout=5, max=100[\r][\n]"
2023-02-20 10:53:46,609 DEBUG [main] wire:73 -  << "Connection: Keep-Alive[\r][\n]"
2023-02-20 10:53:46,609 DEBUG [main] wire:73 -  << "Content-Type: application/json;charset=UTF-8[\r][\n]"
2023-02-20 10:53:46,609 DEBUG [main] wire:73 -  << "[\r][\n]"
2023-02-20 10:53:46,610 DEBUG [main] DefaultClientConnection:259 - Receiving response: HTTP/1.1 200 OK
2023-02-20 10:53:46,610 DEBUG [main] headers:262 - << HTTP/1.1 200 OK
2023-02-20 10:53:46,611 DEBUG [main] headers:265 - << Date: Mon, 20 Feb 2023 05:23:47 GMT
2023-02-20 10:53:46,611 DEBUG [main] headers:265 - << Server: Apache/2.4.41 (Ubuntu)
2023-02-20 10:53:46,612 DEBUG [main] headers:265 - << Access-Control-Allow-Origin: *
2023-02-20 10:53:46,612 DEBUG [main] headers:265 - << Access-Control-Allow-Methods: POST
2023-02-20 10:53:46,613 DEBUG [main] headers:265 - << Access-Control-Max-Age: 3600
2023-02-20 10:53:46,613 DEBUG [main] headers:265 - << Access-Control-Allow-Headers: Content-Type, Access-Control-Allow-Headers, Authorization, X-Requested-With
2023-02-20 10:53:46,614 DEBUG [main] headers:265 - << Content-Length: 194
2023-02-20 10:53:46,614 DEBUG [main] headers:265 - << Keep-Alive: timeout=5, max=100
2023-02-20 10:53:46,615 DEBUG [main] headers:265 - << Connection: Keep-Alive
2023-02-20 10:53:46,615 DEBUG [main] headers:265 - << Content-Type: application/json;charset=UTF-8
2023-02-20 10:53:46,616 DEBUG [main] DefaultHttpClient:504 - Connection can be kept alive for 5000 MILLISECONDS
2023-02-20 10:53:46,616 DEBUG [main] RequestSpecificationImpl$RestAssuredHttpBuilder:545 - Parsing response as: application/json;charset=UTF-8
2023-02-20 10:53:46,617 DEBUG [main] RequestSpecificationImpl$RestAssuredHttpBuilder:548 - Parsed data to instance of: class org.apache.http.conn.EofSensorInputStream
2023-02-20 10:53:46,620 DEBUG [main] wire:87 -  << "{"status":"OK","place_id":"840fb1572d25e5dcbbb3af4d690f2714","scope":"APP","reference":"00845bd538eac6feafab28e22d45ccc900845bd538eac6feafab28e22d45ccc9","id":"00845bd538eac6feafab28e22d45ccc9"}"
2023-02-20 10:53:46,621 DEBUG [main] BasicClientConnectionManager:200 - Releasing connection org.apache.http.impl.conn.ManagedClientConnectionImpl@4e6f2bb5
2023-02-20 10:53:46,621 DEBUG [main] BasicClientConnectionManager:225 - Connection can be kept alive for 5000 MILLISECONDS
2023-02-20 10:53:46,645 DEBUG [main] BasicClientConnectionManager:161 - Get connection for route {s}->https://rahulshettyacademy.com:443
2023-02-20 10:53:46,647 DEBUG [main] DefaultClientConnectionOperator:177 - Connecting to rahulshettyacademy.com:443
2023-02-20 10:53:47,044 DEBUG [main] RequestAddCookies:123 - CookieSpec selected: ignoreCookies
2023-02-20 10:53:47,045 DEBUG [main] RequestAuthCache:77 - Auth cache not set in the context
2023-02-20 10:53:47,045 DEBUG [main] RequestTargetAuthentication:80 - Target auth state: UNCHALLENGED
2023-02-20 10:53:47,046 DEBUG [main] RequestProxyAuthentication:89 - Proxy auth state: UNCHALLENGED
2023-02-20 10:53:47,047 DEBUG [main] DefaultHttpClient:677 - Attempt 1 to execute request
2023-02-20 10:53:47,047 DEBUG [main] DefaultClientConnection:274 - Sending request: POST /maps/api/place/add/json?key=qaclick123 HTTP/1.1
2023-02-20 10:53:47,048 DEBUG [main] wire:73 -  >> "POST /maps/api/place/add/json?key=qaclick123 HTTP/1.1[\r][\n]"
2023-02-20 10:53:47,049 DEBUG [main] wire:73 -  >> "Accept: */*[\r][\n]"
2023-02-20 10:53:47,049 DEBUG [main] wire:73 -  >> "Content-Type: application/json[\r][\n]"
2023-02-20 10:53:47,049 DEBUG [main] wire:73 -  >> "Content-Length: 303[\r][\n]"
2023-02-20 10:53:47,051 DEBUG [main] wire:73 -  >> "Host: rahulshettyacademy.com[\r][\n]"
2023-02-20 10:53:47,052 DEBUG [main] wire:73 -  >> "Connection: Keep-Alive[\r][\n]"
2023-02-20 10:53:47,052 DEBUG [main] wire:73 -  >> "User-Agent: Apache-HttpClient/4.5.13 (Java/1.8.0_131)[\r][\n]"
2023-02-20 10:53:47,053 DEBUG [main] wire:73 -  >> "Accept-Encoding: gzip,deflate[\r][\n]"
2023-02-20 10:53:47,053 DEBUG [main] wire:73 -  >> "[\r][\n]"
2023-02-20 10:53:47,054 DEBUG [main] headers:278 - >> POST /maps/api/place/add/json?key=qaclick123 HTTP/1.1
2023-02-20 10:53:47,054 DEBUG [main] headers:281 - >> Accept: */*
2023-02-20 10:53:47,055 DEBUG [main] headers:281 - >> Content-Type: application/json
2023-02-20 10:53:47,056 DEBUG [main] headers:281 - >> Content-Length: 303
2023-02-20 10:53:47,057 DEBUG [main] headers:281 - >> Host: rahulshettyacademy.com
2023-02-20 10:53:47,057 DEBUG [main] headers:281 - >> Connection: Keep-Alive
2023-02-20 10:53:47,058 DEBUG [main] headers:281 - >> User-Agent: Apache-HttpClient/4.5.13 (Java/1.8.0_131)
2023-02-20 10:53:47,059 DEBUG [main] headers:281 - >> Accept-Encoding: gzip,deflate
2023-02-20 10:53:47,059 DEBUG [main] wire:73 -  >> "{[\n]"
2023-02-20 10:53:47,060 DEBUG [main] wire:73 -  >> "  "location": {[\n]"
2023-02-20 10:53:47,061 DEBUG [main] wire:73 -  >> "    "lat": -38.383494,[\n]"
2023-02-20 10:53:47,061 DEBUG [main] wire:73 -  >> "    "lng": 33.427362[\n]"
2023-02-20 10:53:47,062 DEBUG [main] wire:73 -  >> "  },[\n]"
2023-02-20 10:53:47,062 DEBUG [main] wire:73 -  >> "  "accuracy": 50,[\n]"
2023-02-20 10:53:47,063 DEBUG [main] wire:73 -  >> "  "name": "Frontline house",[\n]"
2023-02-20 10:53:47,064 DEBUG [main] wire:73 -  >> "  "phone_number": "(+91) 983 893 3937",[\n]"
2023-02-20 10:53:47,064 DEBUG [main] wire:73 -  >> "  "address": "29, side layout, cohen 09",[\n]"
2023-02-20 10:53:47,064 DEBUG [main] wire:73 -  >> "  "types": [[\n]"
2023-02-20 10:53:47,066 DEBUG [main] wire:73 -  >> "    "shoe park",[\n]"
2023-02-20 10:53:47,067 DEBUG [main] wire:73 -  >> "    "shop"[\n]"
2023-02-20 10:53:47,067 DEBUG [main] wire:73 -  >> "  ],[\n]"
2023-02-20 10:53:47,068 DEBUG [main] wire:73 -  >> "  "website": "http://google.com",[\n]"
2023-02-20 10:53:47,068 DEBUG [main] wire:73 -  >> "  "language": "French-IN"[\n]"
2023-02-20 10:53:47,069 DEBUG [main] wire:87 -  >> "}"
2023-02-20 10:53:47,158 DEBUG [main] wire:73 -  << "HTTP/1.1 200 OK[\r][\n]"
2023-02-20 10:53:47,159 DEBUG [main] wire:73 -  << "Date: Mon, 20 Feb 2023 05:23:47 GMT[\r][\n]"
2023-02-20 10:53:47,160 DEBUG [main] wire:73 -  << "Server: Apache/2.4.41 (Ubuntu)[\r][\n]"
2023-02-20 10:53:47,162 DEBUG [main] wire:73 -  << "Access-Control-Allow-Origin: *[\r][\n]"
2023-02-20 10:53:47,162 DEBUG [main] wire:73 -  << "Access-Control-Allow-Methods: POST[\r][\n]"
2023-02-20 10:53:47,163 DEBUG [main] wire:73 -  << "Access-Control-Max-Age: 3600[\r][\n]"
2023-02-20 10:53:47,164 DEBUG [main] wire:73 -  << "Access-Control-Allow-Headers: Content-Type, Access-Control-Allow-Headers, Authorization, X-Requested-With[\r][\n]"
2023-02-20 10:53:47,164 DEBUG [main] wire:73 -  << "Content-Length: 194[\r][\n]"
2023-02-20 10:53:47,165 DEBUG [main] wire:73 -  << "Keep-Alive: timeout=5, max=100[\r][\n]"
2023-02-20 10:53:47,165 DEBUG [main] wire:73 -  << "Connection: Keep-Alive[\r][\n]"
2023-02-20 10:53:47,166 DEBUG [main] wire:73 -  << "Content-Type: application/json;charset=UTF-8[\r][\n]"
2023-02-20 10:53:47,166 DEBUG [main] wire:73 -  << "[\r][\n]"
2023-02-20 10:53:47,167 DEBUG [main] DefaultClientConnection:259 - Receiving response: HTTP/1.1 200 OK
2023-02-20 10:53:47,168 DEBUG [main] headers:262 - << HTTP/1.1 200 OK
2023-02-20 10:53:47,168 DEBUG [main] headers:265 - << Date: Mon, 20 Feb 2023 05:23:47 GMT
2023-02-20 10:53:47,169 DEBUG [main] headers:265 - << Server: Apache/2.4.41 (Ubuntu)
2023-02-20 10:53:47,169 DEBUG [main] headers:265 - << Access-Control-Allow-Origin: *
2023-02-20 10:53:47,169 DEBUG [main] headers:265 - << Access-Control-Allow-Methods: POST
2023-02-20 10:53:47,170 DEBUG [main] headers:265 - << Access-Control-Max-Age: 3600
2023-02-20 10:53:47,171 DEBUG [main] headers:265 - << Access-Control-Allow-Headers: Content-Type, Access-Control-Allow-Headers, Authorization, X-Requested-With
2023-02-20 10:53:47,172 DEBUG [main] headers:265 - << Content-Length: 194
2023-02-20 10:53:47,173 DEBUG [main] headers:265 - << Keep-Alive: timeout=5, max=100
2023-02-20 10:53:47,174 DEBUG [main] headers:265 - << Connection: Keep-Alive
2023-02-20 10:53:47,175 DEBUG [main] headers:265 - << Content-Type: application/json;charset=UTF-8
2023-02-20 10:53:47,177 DEBUG [main] DefaultHttpClient:504 - Connection can be kept alive for 5000 MILLISECONDS
2023-02-20 10:53:47,178 DEBUG [main] RequestSpecificationImpl$RestAssuredHttpBuilder:545 - Parsing response as: application/json;charset=UTF-8
2023-02-20 10:53:47,179 DEBUG [main] RequestSpecificationImpl$RestAssuredHttpBuilder:548 - Parsed data to instance of: class org.apache.http.conn.EofSensorInputStream
2023-02-20 10:53:47,182 DEBUG [main] wire:87 -  << "{"status":"OK","place_id":"dc942f3bf36f63b548342e33b5b7baa9","scope":"APP","reference":"bc69becb5cfc19dac27e5cfed0c56232bc69becb5cfc19dac27e5cfed0c56232","id":"bc69becb5cfc19dac27e5cfed0c56232"}"
2023-02-20 10:53:47,182 DEBUG [main] BasicClientConnectionManager:200 - Releasing connection org.apache.http.impl.conn.ManagedClientConnectionImpl@6e33fcae
2023-02-20 10:53:47,182 DEBUG [main] BasicClientConnectionManager:225 - Connection can be kept alive for 5000 MILLISECONDS
2023-02-20 10:53:47,232 DEBUG [main] BasicClientConnectionManager:161 - Get connection for route {s}->https://rahulshettyacademy.com:443
2023-02-20 10:53:47,234 DEBUG [main] DefaultClientConnectionOperator:177 - Connecting to rahulshettyacademy.com:443
2023-02-20 10:53:47,629 DEBUG [main] RequestAddCookies:123 - CookieSpec selected: ignoreCookies
2023-02-20 10:53:47,629 DEBUG [main] RequestAuthCache:77 - Auth cache not set in the context
2023-02-20 10:53:47,630 DEBUG [main] RequestTargetAuthentication:80 - Target auth state: UNCHALLENGED
2023-02-20 10:53:47,630 DEBUG [main] RequestProxyAuthentication:89 - Proxy auth state: UNCHALLENGED
2023-02-20 10:53:47,630 DEBUG [main] DefaultHttpClient:677 - Attempt 1 to execute request
2023-02-20 10:53:47,630 DEBUG [main] DefaultClientConnection:274 - Sending request: PUT /maps/api/place/update/json?key=qaclick123 HTTP/1.1
2023-02-20 10:53:47,631 DEBUG [main] wire:73 -  >> "PUT /maps/api/place/update/json?key=qaclick123 HTTP/1.1[\r][\n]"
2023-02-20 10:53:47,632 DEBUG [main] wire:73 -  >> "Accept: */*[\r][\n]"
2023-02-20 10:53:47,632 DEBUG [main] wire:73 -  >> "Content-Type: application/json[\r][\n]"
2023-02-20 10:53:47,632 DEBUG [main] wire:73 -  >> "Content-Length: 106[\r][\n]"
2023-02-20 10:53:47,632 DEBUG [main] wire:73 -  >> "Host: rahulshettyacademy.com[\r][\n]"
2023-02-20 10:53:47,633 DEBUG [main] wire:73 -  >> "Connection: Keep-Alive[\r][\n]"
2023-02-20 10:53:47,633 DEBUG [main] wire:73 -  >> "User-Agent: Apache-HttpClient/4.5.13 (Java/1.8.0_131)[\r][\n]"
2023-02-20 10:53:47,633 DEBUG [main] wire:73 -  >> "Accept-Encoding: gzip,deflate[\r][\n]"
2023-02-20 10:53:47,634 DEBUG [main] wire:73 -  >> "[\r][\n]"
2023-02-20 10:53:47,634 DEBUG [main] headers:278 - >> PUT /maps/api/place/update/json?key=qaclick123 HTTP/1.1
2023-02-20 10:53:47,634 DEBUG [main] headers:281 - >> Accept: */*
2023-02-20 10:53:47,634 DEBUG [main] headers:281 - >> Content-Type: application/json
2023-02-20 10:53:47,634 DEBUG [main] headers:281 - >> Content-Length: 106
2023-02-20 10:53:47,634 DEBUG [main] headers:281 - >> Host: rahulshettyacademy.com
2023-02-20 10:53:47,635 DEBUG [main] headers:281 - >> Connection: Keep-Alive
2023-02-20 10:53:47,635 DEBUG [main] headers:281 - >> User-Agent: Apache-HttpClient/4.5.13 (Java/1.8.0_131)
2023-02-20 10:53:47,635 DEBUG [main] headers:281 - >> Accept-Encoding: gzip,deflate
2023-02-20 10:53:47,636 DEBUG [main] wire:73 -  >> "{[\r][\n]"
2023-02-20 10:53:47,636 DEBUG [main] wire:73 -  >> ""place_id":"dc942f3bf36f63b548342e33b5b7baa9",[\r][\n]"
2023-02-20 10:53:47,637 DEBUG [main] wire:73 -  >> ""address":"Summer Walk, Africa",[\r][\n]"
2023-02-20 10:53:47,637 DEBUG [main] wire:73 -  >> ""key":"qaclick123"[\r][\n]"
2023-02-20 10:53:47,638 DEBUG [main] wire:87 -  >> "}"
2023-02-20 10:53:48,808 DEBUG [main] wire:73 -  << "HTTP/1.1 200 OK[\r][\n]"
2023-02-20 10:53:48,809 DEBUG [main] wire:73 -  << "Date: Mon, 20 Feb 2023 05:23:48 GMT[\r][\n]"
2023-02-20 10:53:48,809 DEBUG [main] wire:73 -  << "Server: Apache/2.4.41 (Ubuntu)[\r][\n]"
2023-02-20 10:53:48,810 DEBUG [main] wire:73 -  << "Access-Control-Allow-Origin: *[\r][\n]"
2023-02-20 10:53:48,811 DEBUG [main] wire:73 -  << "Access-Control-Allow-Methods: POST[\r][\n]"
2023-02-20 10:53:48,811 DEBUG [main] wire:73 -  << "Access-Control-Max-Age: 3600[\r][\n]"
2023-02-20 10:53:48,812 DEBUG [main] wire:73 -  << "Access-Control-Allow-Headers: Content-Type, Access-Control-Allow-Headers, Authorization, X-Requested-With[\r][\n]"
2023-02-20 10:53:48,813 DEBUG [main] wire:73 -  << "Content-Length: 38[\r][\n]"
2023-02-20 10:53:48,813 DEBUG [main] wire:73 -  << "Keep-Alive: timeout=5, max=100[\r][\n]"
2023-02-20 10:53:48,815 DEBUG [main] wire:73 -  << "Connection: Keep-Alive[\r][\n]"
2023-02-20 10:53:48,816 DEBUG [main] wire:73 -  << "Content-Type: application/json;charset=UTF-8[\r][\n]"
2023-02-20 10:53:48,817 DEBUG [main] wire:73 -  << "[\r][\n]"
2023-02-20 10:53:48,817 DEBUG [main] DefaultClientConnection:259 - Receiving response: HTTP/1.1 200 OK
2023-02-20 10:53:48,817 DEBUG [main] headers:262 - << HTTP/1.1 200 OK
2023-02-20 10:53:48,819 DEBUG [main] headers:265 - << Date: Mon, 20 Feb 2023 05:23:48 GMT
2023-02-20 10:53:48,819 DEBUG [main] headers:265 - << Server: Apache/2.4.41 (Ubuntu)
2023-02-20 10:53:48,819 DEBUG [main] headers:265 - << Access-Control-Allow-Origin: *
2023-02-20 10:53:48,820 DEBUG [main] headers:265 - << Access-Control-Allow-Methods: POST
2023-02-20 10:53:48,820 DEBUG [main] headers:265 - << Access-Control-Max-Age: 3600
2023-02-20 10:53:48,820 DEBUG [main] headers:265 - << Access-Control-Allow-Headers: Content-Type, Access-Control-Allow-Headers, Authorization, X-Requested-With
2023-02-20 10:53:48,821 DEBUG [main] headers:265 - << Content-Length: 38
2023-02-20 10:53:48,821 DEBUG [main] headers:265 - << Keep-Alive: timeout=5, max=100
2023-02-20 10:53:48,821 DEBUG [main] headers:265 - << Connection: Keep-Alive
2023-02-20 10:53:48,821 DEBUG [main] headers:265 - << Content-Type: application/json;charset=UTF-8
2023-02-20 10:53:48,822 DEBUG [main] DefaultHttpClient:504 - Connection can be kept alive for 5000 MILLISECONDS
2023-02-20 10:53:48,822 DEBUG [main] RequestSpecificationImpl$RestAssuredHttpBuilder:545 - Parsing response as: application/json;charset=UTF-8
2023-02-20 10:53:48,823 DEBUG [main] RequestSpecificationImpl$RestAssuredHttpBuilder:548 - Parsed data to instance of: class org.apache.http.conn.EofSensorInputStream
2023-02-20 10:53:48,824 DEBUG [main] wire:87 -  << "{"msg":"Address successfully updated"}"
2023-02-20 10:53:48,826 DEBUG [main] BasicClientConnectionManager:200 - Releasing connection org.apache.http.impl.conn.ManagedClientConnectionImpl@55d9b8f0
2023-02-20 10:53:48,826 DEBUG [main] BasicClientConnectionManager:225 - Connection can be kept alive for 5000 MILLISECONDS
2023-02-20 10:53:48,849 DEBUG [Finalizer] DefaultClientConnection:180 - Connection 0.0.0.0:58401<->3.110.88.201:443 closed
2023-02-20 10:53:48,851 DEBUG [Finalizer] DefaultClientConnection:180 - Connection 0.0.0.0:58400<->3.110.88.201:443 closed
2023-02-20 10:53:48,855 DEBUG [Finalizer] DefaultClientConnection:180 - Connection 0.0.0.0:58399<->3.110.88.201:443 closed
2023-02-20 10:53:48,872 DEBUG [main] BasicClientConnectionManager:161 - Get connection for route {s}->https://rahulshettyacademy.com:443
2023-02-20 10:53:48,873 DEBUG [main] DefaultClientConnectionOperator:177 - Connecting to rahulshettyacademy.com:443
2023-02-20 10:53:49,252 DEBUG [main] RequestAddCookies:123 - CookieSpec selected: ignoreCookies
2023-02-20 10:53:49,254 DEBUG [main] RequestAuthCache:77 - Auth cache not set in the context
2023-02-20 10:53:49,255 DEBUG [main] RequestTargetAuthentication:80 - Target auth state: UNCHALLENGED
2023-02-20 10:53:49,255 DEBUG [main] RequestProxyAuthentication:89 - Proxy auth state: UNCHALLENGED
2023-02-20 10:53:49,256 DEBUG [main] DefaultHttpClient:677 - Attempt 1 to execute request
2023-02-20 10:53:49,256 DEBUG [main] DefaultClientConnection:274 - Sending request: GET /maps/api/place/get/json?key=qaclick123&place_id=dc942f3bf36f63b548342e33b5b7baa9 HTTP/1.1
2023-02-20 10:53:49,256 DEBUG [main] wire:73 -  >> "GET /maps/api/place/get/json?key=qaclick123&place_id=dc942f3bf36f63b548342e33b5b7baa9 HTTP/1.1[\r][\n]"
2023-02-20 10:53:49,258 DEBUG [main] wire:73 -  >> "Accept: */*[\r][\n]"
2023-02-20 10:53:49,258 DEBUG [main] wire:73 -  >> "Host: rahulshettyacademy.com[\r][\n]"
2023-02-20 10:53:49,258 DEBUG [main] wire:73 -  >> "Connection: Keep-Alive[\r][\n]"
2023-02-20 10:53:49,258 DEBUG [main] wire:73 -  >> "User-Agent: Apache-HttpClient/4.5.13 (Java/1.8.0_131)[\r][\n]"
2023-02-20 10:53:49,258 DEBUG [main] wire:73 -  >> "Accept-Encoding: gzip,deflate[\r][\n]"
2023-02-20 10:53:49,258 DEBUG [main] wire:73 -  >> "[\r][\n]"
2023-02-20 10:53:49,258 DEBUG [main] headers:278 - >> GET /maps/api/place/get/json?key=qaclick123&place_id=dc942f3bf36f63b548342e33b5b7baa9 HTTP/1.1
2023-02-20 10:53:49,258 DEBUG [main] headers:281 - >> Accept: */*
2023-02-20 10:53:49,258 DEBUG [main] headers:281 - >> Host: rahulshettyacademy.com
2023-02-20 10:53:49,258 DEBUG [main] headers:281 - >> Connection: Keep-Alive
2023-02-20 10:53:49,258 DEBUG [main] headers:281 - >> User-Agent: Apache-HttpClient/4.5.13 (Java/1.8.0_131)
2023-02-20 10:53:49,258 DEBUG [main] headers:281 - >> Accept-Encoding: gzip,deflate
2023-02-20 10:53:49,895 DEBUG [main] wire:73 -  << "HTTP/1.1 200 OK[\r][\n]"
2023-02-20 10:53:49,895 DEBUG [main] wire:73 -  << "Date: Mon, 20 Feb 2023 05:23:49 GMT[\r][\n]"
2023-02-20 10:53:49,898 DEBUG [main] wire:73 -  << "Server: Apache/2.4.41 (Ubuntu)[\r][\n]"
2023-02-20 10:53:49,898 DEBUG [main] wire:73 -  << "Access-Control-Allow-Origin: *[\r][\n]"
2023-02-20 10:53:49,898 DEBUG [main] wire:73 -  << "Access-Control-Allow-Methods: POST[\r][\n]"
2023-02-20 10:53:49,898 DEBUG [main] wire:73 -  << "Access-Control-Max-Age: 3600[\r][\n]"
2023-02-20 10:53:49,899 DEBUG [main] wire:73 -  << "Access-Control-Allow-Headers: Content-Type, Access-Control-Allow-Headers, Authorization, X-Requested-With[\r][\n]"
2023-02-20 10:53:49,899 DEBUG [main] wire:73 -  << "Content-Length: 251[\r][\n]"
2023-02-20 10:53:49,899 DEBUG [main] wire:73 -  << "Keep-Alive: timeout=5, max=100[\r][\n]"
2023-02-20 10:53:49,900 DEBUG [main] wire:73 -  << "Connection: Keep-Alive[\r][\n]"
2023-02-20 10:53:49,900 DEBUG [main] wire:73 -  << "Content-Type: application/json;charset=UTF-8[\r][\n]"
2023-02-20 10:53:49,900 DEBUG [main] wire:73 -  << "[\r][\n]"
2023-02-20 10:53:49,900 DEBUG [main] DefaultClientConnection:259 - Receiving response: HTTP/1.1 200 OK
2023-02-20 10:53:49,901 DEBUG [main] headers:262 - << HTTP/1.1 200 OK
2023-02-20 10:53:49,901 DEBUG [main] headers:265 - << Date: Mon, 20 Feb 2023 05:23:49 GMT
2023-02-20 10:53:49,902 DEBUG [main] headers:265 - << Server: Apache/2.4.41 (Ubuntu)
2023-02-20 10:53:49,902 DEBUG [main] headers:265 - << Access-Control-Allow-Origin: *
2023-02-20 10:53:49,903 DEBUG [main] headers:265 - << Access-Control-Allow-Methods: POST
2023-02-20 10:53:49,903 DEBUG [main] headers:265 - << Access-Control-Max-Age: 3600
2023-02-20 10:53:49,903 DEBUG [main] headers:265 - << Access-Control-Allow-Headers: Content-Type, Access-Control-Allow-Headers, Authorization, X-Requested-With
2023-02-20 10:53:49,904 DEBUG [main] headers:265 - << Content-Length: 251
2023-02-20 10:53:49,904 DEBUG [main] headers:265 - << Keep-Alive: timeout=5, max=100
2023-02-20 10:53:49,904 DEBUG [main] headers:265 - << Connection: Keep-Alive
2023-02-20 10:53:49,905 DEBUG [main] headers:265 - << Content-Type: application/json;charset=UTF-8
2023-02-20 10:53:49,905 DEBUG [main] DefaultHttpClient:504 - Connection can be kept alive for 5000 MILLISECONDS
2023-02-20 10:53:49,907 DEBUG [main] RequestSpecificationImpl$RestAssuredHttpBuilder:545 - Parsing response as: application/json;charset=UTF-8
2023-02-20 10:53:49,908 DEBUG [main] RequestSpecificationImpl$RestAssuredHttpBuilder:548 - Parsed data to instance of: class org.apache.http.conn.EofSensorInputStream
2023-02-20 10:53:49,910 DEBUG [main] wire:87 -  << "{"location":{"latitude":"-38.383494","longitude":"33.427362"},"accuracy":"50","name":"Frontline house","phone_number":"(+91) 983 893 3937","address":"Summer Walk, Africa","types":"shoe park,shop","website":"http:\/\/google.com","language":"French-IN"}"
2023-02-20 10:53:49,911 DEBUG [main] BasicClientConnectionManager:200 - Releasing connection org.apache.http.impl.conn.ManagedClientConnectionImpl@6fc29daa
2023-02-20 10:53:49,911 DEBUG [main] BasicClientConnectionManager:225 - Connection can be kept alive for 5000 MILLISECONDS
